# JRE version: OpenJDK Runtime Environment Microsoft-8035246 (17.0.8+7) (build 17.0.8+7-LTS)
# Java VM: OpenJDK 64-Bit Server VM Microsoft-8035246 (17.0.8+7-LTS, mixed mode, sharing, tiered, compressed oops, compressed class ptrs, g1 gc, windows-amd64)
GC Precious Log:
 CPUs: 12 total, 12 available
 Memory: 16231M
 Large Page Support: Disabled
 NUMA Support: Disabled
 Compressed Oops: Enabled (32-bit)
 Heap Region Size: 1M
 Heap Min Capacity: 8M
 Heap Initial Capacity: 254M
 Heap Max Capacity: 2G
 Pre-touch: Disabled
 Parallel Workers: 10
 Concurrent Workers: 3
 Concurrent Refinement Workers: 10
 Periodic GC: Disabled
Heap:
 garbage-first heap   total 335872K, used 287156K [0x0000000080000000, 0x0000000100000000)
  region size 1024K, 63 young (64512K), 3 survivors (3072K)
 Metaspace       used 111145K, committed 112640K, reserved 557056K
  class space    used 15127K, committed 15808K, reserved 425984K
GC Heap History (20 events):
Event: 26.456 GC heap before
{Heap before GC invocations=72 (full 0):
 garbage-first heap   total 270336K, used 240179K [0x0000000080000000, 0x0000000100000000)
  region size 1024K, 27 young (27648K), 3 survivors (3072K)
 Metaspace       used 104635K, committed 105984K, reserved 557056K
  class space    used 14510K, committed 15104K, reserved 425984K
}
Event: 26.461 GC heap after
{Heap after GC invocations=73 (full 0):
 garbage-first heap   total 270336K, used 214289K [0x0000000080000000, 0x0000000100000000)
  region size 1024K, 4 young (4096K), 4 survivors (4096K)
 Metaspace       used 104635K, committed 105984K, reserved 557056K
  class space    used 14510K, committed 15104K, reserved 425984K
}
Event: 26.546 GC heap before
{Heap before GC invocations=73 (full 0):
 garbage-first heap   total 270336K, used 239889K [0x0000000080000000, 0x0000000100000000)
  region size 1024K, 26 young (26624K), 4 survivors (4096K)
 Metaspace       used 104697K, committed 105984K, reserved 557056K
  class space    used 14524K, committed 15104K, reserved 425984K
}
Event: 26.550 GC heap after
{Heap after GC invocations=74 (full 0):
 garbage-first heap   total 270336K, used 219520K [0x0000000080000000, 0x0000000100000000)
  region size 1024K, 3 young (3072K), 3 survivors (3072K)
 Metaspace       used 104697K, committed 105984K, reserved 557056K
  class space    used 14524K, committed 15104K, reserved 425984K
}
Event: 26.607 GC heap before
{Heap before GC invocations=74 (full 0):
 garbage-first heap   total 270336K, used 236928K [0x0000000080000000, 0x0000000100000000)
  region size 1024K, 21 young (21504K), 3 survivors (3072K)
 Metaspace       used 104761K, committed 106112K, reserved 557056K
  class space    used 14531K, committed 15104K, reserved 425984K
}
Event: 26.610 GC heap after
{Heap after GC invocations=75 (full 0):
 garbage-first heap   total 270336K, used 216587K [0x0000000080000000, 0x0000000100000000)
  region size 1024K, 3 young (3072K), 3 survivors (3072K)
 Metaspace       used 104761K, committed 106112K, reserved 557056K
  class space    used 14531K, committed 15104K, reserved 425984K
}
Event: 26.662 GC heap before
{Heap before GC invocations=75 (full 0):
 garbage-first heap   total 270336K, used 237067K [0x0000000080000000, 0x0000000100000000)
  region size 1024K, 23 young (23552K), 3 survivors (3072K)
 Metaspace       used 104781K, committed 106112K, reserved 557056K
  class space    used 14531K, committed 15104K, reserved 425984K
}
Event: 26.665 GC heap after
{Heap after GC invocations=76 (full 0):
 garbage-first heap   total 270336K, used 217651K [0x0000000080000000, 0x0000000100000000)
  region size 1024K, 3 young (3072K), 3 survivors (3072K)
 Metaspace       used 104781K, committed 106112K, reserved 557056K
  class space    used 14531K, committed 15104K, reserved 425984K
}
Event: 26.716 GC heap before
{Heap before GC invocations=76 (full 0):
 garbage-first heap   total 270336K, used 236083K [0x0000000080000000, 0x0000000100000000)
  region size 1024K, 22 young (22528K), 3 survivors (3072K)
 Metaspace       used 104789K, committed 106112K, reserved 557056K
  class space    used 14531K, committed 15104K, reserved 425984K
}
Event: 26.719 GC heap after
{Heap after GC invocations=77 (full 0):
 garbage-first heap   total 335872K, used 218420K [0x0000000080000000, 0x0000000100000000)
  region size 1024K, 2 young (2048K), 2 survivors (2048K)
 Metaspace       used 104789K, committed 106112K, reserved 557056K
  class space    used 14531K, committed 15104K, reserved 425984K
}
Event: 26.918 GC heap before
{Heap before GC invocations=77 (full 0):
 garbage-first heap   total 335872K, used 292148K [0x0000000080000000, 0x0000000100000000)
  region size 1024K, 71 young (72704K), 2 survivors (2048K)
 Metaspace       used 104807K, committed 106112K, reserved 557056K
  class space    used 14533K, committed 15104K, reserved 425984K
}
Event: 26.922 GC heap after
{Heap after GC invocations=78 (full 0):
 garbage-first heap   total 335872K, used 221793K [0x0000000080000000, 0x0000000100000000)
  region size 1024K, 6 young (6144K), 6 survivors (6144K)
 Metaspace       used 104807K, committed 106112K, reserved 557056K
  class space    used 14533K, committed 15104K, reserved 425984K
}
Event: 27.174 GC heap before
{Heap before GC invocations=78 (full 0):
 garbage-first heap   total 335872K, used 292449K [0x0000000080000000, 0x0000000100000000)
  region size 1024K, 72 young (73728K), 6 survivors (6144K)
 Metaspace       used 104865K, committed 106176K, reserved 557056K
  class space    used 14538K, committed 15104K, reserved 425984K
}
Event: 27.178 GC heap after
{Heap after GC invocations=79 (full 0):
 garbage-first heap   total 335872K, used 224448K [0x0000000080000000, 0x0000000100000000)
  region size 1024K, 7 young (7168K), 7 survivors (7168K)
 Metaspace       used 104865K, committed 106176K, reserved 557056K
  class space    used 14538K, committed 15104K, reserved 425984K
}
Event: 29.988 GC heap before
{Heap before GC invocations=79 (full 0):
 garbage-first heap   total 335872K, used 289984K [0x0000000080000000, 0x0000000100000000)
  region size 1024K, 72 young (73728K), 7 survivors (7168K)
 Metaspace       used 109733K, committed 111104K, reserved 557056K
  class space    used 15052K, committed 15680K, reserved 425984K
}
Event: 29.995 GC heap after
{Heap after GC invocations=80 (full 0):
 garbage-first heap   total 335872K, used 228106K [0x0000000080000000, 0x0000000100000000)
  region size 1024K, 7 young (7168K), 7 survivors (7168K)
 Metaspace       used 109733K, committed 111104K, reserved 557056K
  class space    used 15052K, committed 15680K, reserved 425984K
}
Event: 2717.118 GC heap before
{Heap before GC invocations=80 (full 0):
 garbage-first heap   total 335872K, used 289546K [0x0000000080000000, 0x0000000100000000)
  region size 1024K, 68 young (69632K), 7 survivors (7168K)
 Metaspace       used 110950K, committed 112384K, reserved 557056K
  class space    used 15112K, committed 15744K, reserved 425984K
}
Event: 2717.122 GC heap after
{Heap after GC invocations=81 (full 0):
 garbage-first heap   total 335872K, used 228389K [0x0000000080000000, 0x0000000100000000)
  region size 1024K, 4 young (4096K), 4 survivors (4096K)
 Metaspace       used 110950K, committed 112384K, reserved 557056K
  class space    used 15112K, committed 15744K, reserved 425984K
}
Event: 6381.302 GC heap before
{Heap before GC invocations=81 (full 0):
 garbage-first heap   total 335872K, used 292901K [0x0000000080000000, 0x0000000100000000)
  region size 1024K, 67 young (68608K), 4 survivors (4096K)
 Metaspace       used 110958K, committed 112384K, reserved 557056K
  class space    used 15112K, committed 15744K, reserved 425984K
}
Event: 6381.305 GC heap after
{Heap after GC invocations=82 (full 0):
 garbage-first heap   total 335872K, used 226740K [0x0000000080000000, 0x0000000100000000)
  region size 1024K, 3 young (3072K), 3 survivors (3072K)
 Metaspace       used 110958K, committed 112384K, reserved 557056K
  class space    used 15112K, committed 15744K, reserved 425984K
}

