# JRE version: OpenJDK Runtime Environment Microsoft-8035246 (17.0.8+7) (build 17.0.8+7-LTS)
# Java VM: OpenJDK 64-Bit Server VM Microsoft-8035246 (17.0.8+7-LTS, mixed mode, sharing, tiered, compressed oops, compressed class ptrs, g1 gc, windows-amd64)
GC Precious Log:
 CPUs: 12 total, 12 available
 Memory: 16231M
 Large Page Support: Disabled
 NUMA Support: Disabled
 Compressed Oops: Enabled (32-bit)
 Heap Region Size: 1M
 Heap Min Capacity: 8M
 Heap Initial Capacity: 254M
 Heap Max Capacity: 2G
 Pre-touch: Disabled
 Parallel Workers: 10
 Concurrent Workers: 3
 Concurrent Refinement Workers: 10
 Periodic GC: Disabled
Heap:
 garbage-first heap   total 287744K, used 208318K [0x0000000080000000, 0x0000000100000000)
  region size 1024K, 10 young (10240K), 6 survivors (6144K)
 Metaspace       used 109714K, committed 111040K, reserved 557056K
  class space    used 15157K, committed 15744K, reserved 425984K
GC Heap History (20 events):
Event: 20.567 GC heap before
{Heap before GC invocations=33 (full 0):
 garbage-first heap   total 239616K, used 148136K [0x0000000080000000, 0x0000000100000000)
  region size 1024K, 11 young (11264K), 2 survivors (2048K)
 Metaspace       used 97958K, committed 99072K, reserved 557056K
  class space    used 13632K, committed 14144K, reserved 425984K
}
Event: 20.570 GC heap after
{Heap after GC invocations=34 (full 0):
 garbage-first heap   total 239616K, used 142423K [0x0000000080000000, 0x0000000100000000)
  region size 1024K, 2 young (2048K), 2 survivors (2048K)
 Metaspace       used 97958K, committed 99072K, reserved 557056K
  class space    used 13632K, committed 14144K, reserved 425984K
}
Event: 21.080 GC heap before
{Heap before GC invocations=34 (full 0):
 garbage-first heap   total 239616K, used 190551K [0x0000000080000000, 0x0000000100000000)
  region size 1024K, 49 young (50176K), 2 survivors (2048K)
 Metaspace       used 98363K, committed 99520K, reserved 557056K
  class space    used 13685K, committed 14208K, reserved 425984K
}
Event: 21.084 GC heap after
{Heap after GC invocations=35 (full 0):
 garbage-first heap   total 287744K, used 153381K [0x0000000080000000, 0x0000000100000000)
  region size 1024K, 7 young (7168K), 7 survivors (7168K)
 Metaspace       used 98363K, committed 99520K, reserved 557056K
  class space    used 13685K, committed 14208K, reserved 425984K
}
Event: 21.771 GC heap before
{Heap before GC invocations=35 (full 0):
 garbage-first heap   total 287744K, used 227109K [0x0000000080000000, 0x0000000100000000)
  region size 1024K, 78 young (79872K), 7 survivors (7168K)
 Metaspace       used 102438K, committed 103616K, reserved 557056K
  class space    used 14284K, committed 14784K, reserved 425984K
}
Event: 21.776 GC heap after
{Heap after GC invocations=36 (full 0):
 garbage-first heap   total 287744K, used 162816K [0x0000000080000000, 0x0000000100000000)
  region size 1024K, 10 young (10240K), 10 survivors (10240K)
 Metaspace       used 102438K, committed 103616K, reserved 557056K
  class space    used 14284K, committed 14784K, reserved 425984K
}
Event: 22.442 GC heap before
{Heap before GC invocations=36 (full 0):
 garbage-first heap   total 287744K, used 230400K [0x0000000080000000, 0x0000000100000000)
  region size 1024K, 76 young (77824K), 10 survivors (10240K)
 Metaspace       used 105151K, committed 106432K, reserved 557056K
  class space    used 14626K, committed 15232K, reserved 425984K
}
Event: 22.451 GC heap after
{Heap after GC invocations=37 (full 0):
 garbage-first heap   total 287744K, used 172339K [0x0000000080000000, 0x0000000100000000)
  region size 1024K, 9 young (9216K), 9 survivors (9216K)
 Metaspace       used 105151K, committed 106432K, reserved 557056K
  class space    used 14626K, committed 15232K, reserved 425984K
}
Event: 22.959 GC heap before
{Heap before GC invocations=37 (full 0):
 garbage-first heap   total 287744K, used 232755K [0x0000000080000000, 0x0000000100000000)
  region size 1024K, 68 young (69632K), 9 survivors (9216K)
 Metaspace       used 105586K, committed 106816K, reserved 557056K
  class space    used 14650K, committed 15232K, reserved 425984K
}
Event: 22.967 GC heap after
{Heap after GC invocations=38 (full 0):
 garbage-first heap   total 287744K, used 179873K [0x0000000080000000, 0x0000000100000000)
  region size 1024K, 8 young (8192K), 8 survivors (8192K)
 Metaspace       used 105586K, committed 106816K, reserved 557056K
  class space    used 14650K, committed 15232K, reserved 425984K
}
Event: 23.311 GC heap before
{Heap before GC invocations=38 (full 0):
 garbage-first heap   total 287744K, used 235169K [0x0000000080000000, 0x0000000100000000)
  region size 1024K, 62 young (63488K), 8 survivors (8192K)
 Metaspace       used 106075K, committed 107328K, reserved 557056K
  class space    used 14701K, committed 15296K, reserved 425984K
}
Event: 23.317 GC heap after
{Heap after GC invocations=39 (full 0):
 garbage-first heap   total 287744K, used 186805K [0x0000000080000000, 0x0000000100000000)
  region size 1024K, 7 young (7168K), 7 survivors (7168K)
 Metaspace       used 106075K, committed 107328K, reserved 557056K
  class space    used 14701K, committed 15296K, reserved 425984K
}
Event: 23.632 GC heap before
{Heap before GC invocations=39 (full 0):
 garbage-first heap   total 287744K, used 242101K [0x0000000080000000, 0x0000000100000000)
  region size 1024K, 57 young (58368K), 7 survivors (7168K)
 Metaspace       used 108750K, committed 110080K, reserved 557056K
  class space    used 15052K, committed 15680K, reserved 425984K
}
Event: 23.639 GC heap after
{Heap after GC invocations=40 (full 0):
 garbage-first heap   total 287744K, used 193201K [0x0000000080000000, 0x0000000100000000)
  region size 1024K, 7 young (7168K), 7 survivors (7168K)
 Metaspace       used 108750K, committed 110080K, reserved 557056K
  class space    used 15052K, committed 15680K, reserved 425984K
}
Event: 23.858 GC heap before
{Heap before GC invocations=40 (full 0):
 garbage-first heap   total 287744K, used 238257K [0x0000000080000000, 0x0000000100000000)
  region size 1024K, 52 young (53248K), 7 survivors (7168K)
 Metaspace       used 109037K, committed 110336K, reserved 557056K
  class space    used 15059K, committed 15680K, reserved 425984K
}
Event: 23.863 GC heap after
{Heap after GC invocations=41 (full 0):
 garbage-first heap   total 287744K, used 194687K [0x0000000080000000, 0x0000000100000000)
  region size 1024K, 2 young (2048K), 2 survivors (2048K)
 Metaspace       used 109037K, committed 110336K, reserved 557056K
  class space    used 15059K, committed 15680K, reserved 425984K
}
Event: 24.070 GC heap before
{Heap before GC invocations=41 (full 0):
 garbage-first heap   total 287744K, used 240767K [0x0000000080000000, 0x0000000100000000)
  region size 1024K, 48 young (49152K), 2 survivors (2048K)
 Metaspace       used 109605K, committed 110848K, reserved 557056K
  class space    used 15157K, committed 15744K, reserved 425984K
}
Event: 24.073 GC heap after
{Heap after GC invocations=42 (full 0):
 garbage-first heap   total 287744K, used 199644K [0x0000000080000000, 0x0000000100000000)
  region size 1024K, 6 young (6144K), 6 survivors (6144K)
 Metaspace       used 109605K, committed 110848K, reserved 557056K
  class space    used 15157K, committed 15744K, reserved 425984K
}
Event: 24.248 GC heap before
{Heap before GC invocations=42 (full 0):
 garbage-first heap   total 287744K, used 242652K [0x0000000080000000, 0x0000000100000000)
  region size 1024K, 49 young (50176K), 6 survivors (6144K)
 Metaspace       used 109705K, committed 111040K, reserved 557056K
  class space    used 15157K, committed 15744K, reserved 425984K
}
Event: 24.252 GC heap after
{Heap after GC invocations=43 (full 0):
 garbage-first heap   total 287744K, used 202369K [0x0000000080000000, 0x0000000100000000)
  region size 1024K, 3 young (3072K), 3 survivors (3072K)
 Metaspace       used 109705K, committed 111040K, reserved 557056K
  class space    used 15157K, committed 15744K, reserved 425984K
}

